2021-12-08T00:22:55+00:00 CRITICAL Uncaught Error: Call to undefined method WooCommerce::get_query_vars() in /opt/lampp/htdocs/decobelo/wp-content/themes/decobelo/woocommerce/archive-product.php:49
Stack trace:
#0 /opt/lampp/htdocs/decobelo/wp-includes/template-loader.php(106): include()
#1 /opt/lampp/htdocs/decobelo/wp-blog-header.php(19): require_once('/opt/lampp/htdo...')
#2 /opt/lampp/htdocs/decobelo/index.php(17): require('/opt/lampp/htdo...')
#3 {main}
  thrown w /opt/lampp/htdocs/decobelo/wp-content/themes/decobelo/woocommerce/archive-product.php w linii 49

2021-12-08T00:34:32+00:00 CRITICAL syntax error, unexpected ';', expecting ')' w /opt/lampp/htdocs/decobelo/wp-content/themes/decobelo/woocommerce/archive-product.php w linii 50

2021-12-08T02:26:51+00:00 CRITICAL Uncaught Error: Using $this when not in object context in /opt/lampp/htdocs/decobelo/wp-content/plugins/woocommerce/includes/class-wc-query.php:233
Stack trace:
#0 /opt/lampp/htdocs/decobelo/wp-content/plugins/decobelo/products/products-list.php(7): WC_Query::get_query_vars()
#1 /opt/lampp/htdocs/decobelo/wp-includes/class-wp-hook.php(303): add_filters_button('')
#2 /opt/lampp/htdocs/decobelo/wp-includes/class-wp-hook.php(327): WP_Hook->apply_filters('', Array)
#3 /opt/lampp/htdocs/decobelo/wp-includes/plugin.php(470): WP_Hook->do_action(Array)
#4 /opt/lampp/htdocs/decobelo/wp-content/themes/decobelo/woocommerce/archive-product.php(68): do_action('woocommerce_bef...')
#5 /opt/lampp/htdocs/decobelo/wp-content/plugins/woocommerce/includes/wc-core-functions.php(345): include('/opt/lampp/htdo...')
#6 /opt/lampp/htdocs/decobelo/wp-content/plugins/woocommerce/templates/taxonomy-product-cat.php(22): wc_get_template('archive-product...')
#7 /opt/lampp/htdocs/decobelo/wp-includes/template-loader.php(106): include('/op w /opt/lampp/htdocs/decobelo/wp-content/plugins/woocommerce/includes/class-wc-query.php w linii 233

2021-12-08T02:27:27+00:00 CRITICAL Uncaught Error: Using $this when not in object context in /opt/lampp/htdocs/decobelo/wp-content/plugins/woocommerce/includes/class-wc-query.php:233
Stack trace:
#0 /opt/lampp/htdocs/decobelo/wp-content/plugins/decobelo/products/products-list.php(7): WC_Query::get_query_vars()
#1 /opt/lampp/htdocs/decobelo/wp-includes/class-wp-hook.php(303): add_filters_button('')
#2 /opt/lampp/htdocs/decobelo/wp-includes/class-wp-hook.php(327): WP_Hook->apply_filters('', Array)
#3 /opt/lampp/htdocs/decobelo/wp-includes/plugin.php(470): WP_Hook->do_action(Array)
#4 /opt/lampp/htdocs/decobelo/wp-content/themes/decobelo/woocommerce/archive-product.php(68): do_action('woocommerce_bef...')
#5 /opt/lampp/htdocs/decobelo/wp-content/plugins/woocommerce/includes/wc-core-functions.php(345): include('/opt/lampp/htdo...')
#6 /opt/lampp/htdocs/decobelo/wp-content/plugins/woocommerce/templates/taxonomy-product-cat.php(22): wc_get_template('archive-product...')
#7 /opt/lampp/htdocs/decobelo/wp-includes/template-loader.php(106): include('/op w /opt/lampp/htdocs/decobelo/wp-content/plugins/woocommerce/includes/class-wc-query.php w linii 233

2021-12-08T02:28:07+00:00 CRITICAL Uncaught Error: Using $this when not in object context in /opt/lampp/htdocs/decobelo/wp-content/plugins/woocommerce/includes/class-wc-query.php:233
Stack trace:
#0 /opt/lampp/htdocs/decobelo/wp-content/plugins/decobelo/products/products-list.php(9): WC_Query::get_query_vars()
#1 /opt/lampp/htdocs/decobelo/wp-includes/class-wp-hook.php(303): add_filters_button('')
#2 /opt/lampp/htdocs/decobelo/wp-includes/class-wp-hook.php(327): WP_Hook->apply_filters('', Array)
#3 /opt/lampp/htdocs/decobelo/wp-includes/plugin.php(470): WP_Hook->do_action(Array)
#4 /opt/lampp/htdocs/decobelo/wp-content/themes/decobelo/woocommerce/archive-product.php(68): do_action('woocommerce_bef...')
#5 /opt/lampp/htdocs/decobelo/wp-content/plugins/woocommerce/includes/wc-core-functions.php(345): include('/opt/lampp/htdo...')
#6 /opt/lampp/htdocs/decobelo/wp-content/plugins/woocommerce/templates/taxonomy-product-cat.php(22): wc_get_template('archive-product...')
#7 /opt/lampp/htdocs/decobelo/wp-includes/template-loader.php(106): include('/op w /opt/lampp/htdocs/decobelo/wp-content/plugins/woocommerce/includes/class-wc-query.php w linii 233

2021-12-08T02:30:00+00:00 CRITICAL Uncaught Error: Using $this when not in object context in /opt/lampp/htdocs/decobelo/wp-content/plugins/woocommerce/includes/class-wc-query.php:233
Stack trace:
#0 /opt/lampp/htdocs/decobelo/wp-content/plugins/decobelo/products/products-list.php(9): WC_Query::get_query_vars()
#1 /opt/lampp/htdocs/decobelo/wp-includes/class-wp-hook.php(303): add_filters_button('')
#2 /opt/lampp/htdocs/decobelo/wp-includes/class-wp-hook.php(327): WP_Hook->apply_filters('', Array)
#3 /opt/lampp/htdocs/decobelo/wp-includes/plugin.php(470): WP_Hook->do_action(Array)
#4 /opt/lampp/htdocs/decobelo/wp-content/themes/decobelo/woocommerce/archive-product.php(68): do_action('woocommerce_bef...')
#5 /opt/lampp/htdocs/decobelo/wp-content/plugins/woocommerce/includes/wc-core-functions.php(345): include('/opt/lampp/htdo...')
#6 /opt/lampp/htdocs/decobelo/wp-content/plugins/woocommerce/templates/taxonomy-product-cat.php(22): wc_get_template('archive-product...')
#7 /opt/lampp/htdocs/decobelo/wp-includes/template-loader.php(106): include('/op w /opt/lampp/htdocs/decobelo/wp-content/plugins/woocommerce/includes/class-wc-query.php w linii 233

2021-12-08T02:31:16+00:00 CRITICAL Uncaught Error: Using $this when not in object context in /opt/lampp/htdocs/decobelo/wp-content/plugins/woocommerce/includes/class-wc-query.php:233
Stack trace:
#0 /opt/lampp/htdocs/decobelo/wp-content/themes/decobelo/woocommerce/archive-product.php(50): WC_Query::get_query_vars()
#1 /opt/lampp/htdocs/decobelo/wp-content/plugins/woocommerce/includes/wc-core-functions.php(345): include('/opt/lampp/htdo...')
#2 /opt/lampp/htdocs/decobelo/wp-content/plugins/woocommerce/templates/taxonomy-product-cat.php(22): wc_get_template('archive-product...')
#3 /opt/lampp/htdocs/decobelo/wp-includes/template-loader.php(106): include('/opt/lampp/htdo...')
#4 /opt/lampp/htdocs/decobelo/wp-blog-header.php(19): require_once('/opt/lampp/htdo...')
#5 /opt/lampp/htdocs/decobelo/index.php(17): require('/opt/lampp/htdo...')
#6 {main}
  thrown w /opt/lampp/htdocs/decobelo/wp-content/plugins/woocommerce/includes/class-wc-query.php w linii 233

2021-12-08T02:33:29+00:00 CRITICAL Uncaught Error: Call to undefined function woocommerce_get_query_vars() in /opt/lampp/htdocs/decobelo/wp-content/themes/decobelo/woocommerce/archive-product.php:50
Stack trace:
#0 /opt/lampp/htdocs/decobelo/wp-content/plugins/woocommerce/includes/wc-core-functions.php(345): include()
#1 /opt/lampp/htdocs/decobelo/wp-content/plugins/woocommerce/templates/taxonomy-product-cat.php(22): wc_get_template('archive-product...')
#2 /opt/lampp/htdocs/decobelo/wp-includes/template-loader.php(106): include('/opt/lampp/htdo...')
#3 /opt/lampp/htdocs/decobelo/wp-blog-header.php(19): require_once('/opt/lampp/htdo...')
#4 /opt/lampp/htdocs/decobelo/index.php(17): require('/opt/lampp/htdo...')
#5 {main}
  thrown w /opt/lampp/htdocs/decobelo/wp-content/themes/decobelo/woocommerce/archive-product.php w linii 50

2021-12-08T02:35:04+00:00 CRITICAL Uncaught Error: Using $this when not in object context in /opt/lampp/htdocs/decobelo/wp-content/plugins/woocommerce/includes/abstracts/abstract-wc-object-query.php:44
Stack trace:
#0 /opt/lampp/htdocs/decobelo/wp-content/themes/decobelo/woocommerce/archive-product.php(50): WC_Object_Query::get_query_vars()
#1 /opt/lampp/htdocs/decobelo/wp-content/plugins/woocommerce/includes/wc-core-functions.php(345): include('/opt/lampp/htdo...')
#2 /opt/lampp/htdocs/decobelo/wp-content/plugins/woocommerce/templates/taxonomy-product-cat.php(22): wc_get_template('archive-product...')
#3 /opt/lampp/htdocs/decobelo/wp-includes/template-loader.php(106): include('/opt/lampp/htdo...')
#4 /opt/lampp/htdocs/decobelo/wp-blog-header.php(19): require_once('/opt/lampp/htdo...')
#5 /opt/lampp/htdocs/decobelo/index.php(17): require('/opt/lampp/htdo...')
#6 {main}
  thrown w /opt/lampp/htdocs/decobelo/wp-content/plugins/woocommerce/includes/abstracts/abstract-wc-object-query.php w linii 44

2021-12-08T02:35:28+00:00 CRITICAL Uncaught Error: Undefined class constant 'get_query_vars' in /opt/lampp/htdocs/decobelo/wp-content/themes/decobelo/woocommerce/archive-product.php:50
Stack trace:
#0 /opt/lampp/htdocs/decobelo/wp-content/plugins/woocommerce/includes/wc-core-functions.php(345): include()
#1 /opt/lampp/htdocs/decobelo/wp-content/plugins/woocommerce/templates/taxonomy-product-cat.php(22): wc_get_template('archive-product...')
#2 /opt/lampp/htdocs/decobelo/wp-includes/template-loader.php(106): include('/opt/lampp/htdo...')
#3 /opt/lampp/htdocs/decobelo/wp-blog-header.php(19): require_once('/opt/lampp/htdo...')
#4 /opt/lampp/htdocs/decobelo/index.php(17): require('/opt/lampp/htdo...')
#5 {main}
  thrown w /opt/lampp/htdocs/decobelo/wp-content/themes/decobelo/woocommerce/archive-product.php w linii 50

2021-12-08T02:36:35+00:00 CRITICAL Uncaught Error: Cannot instantiate abstract class WC_Object_Query in /opt/lampp/htdocs/decobelo/wp-content/themes/decobelo/woocommerce/archive-product.php:50
Stack trace:
#0 /opt/lampp/htdocs/decobelo/wp-content/plugins/woocommerce/includes/wc-core-functions.php(345): include()
#1 /opt/lampp/htdocs/decobelo/wp-content/plugins/woocommerce/templates/taxonomy-product-cat.php(22): wc_get_template('archive-product...')
#2 /opt/lampp/htdocs/decobelo/wp-includes/template-loader.php(106): include('/opt/lampp/htdo...')
#3 /opt/lampp/htdocs/decobelo/wp-blog-header.php(19): require_once('/opt/lampp/htdo...')
#4 /opt/lampp/htdocs/decobelo/index.php(17): require('/opt/lampp/htdo...')
#5 {main}
  thrown w /opt/lampp/htdocs/decobelo/wp-content/themes/decobelo/woocommerce/archive-product.php w linii 50

2021-12-08T02:37:09+00:00 CRITICAL Uncaught Error: Cannot instantiate abstract class WC_Object_Query in /opt/lampp/htdocs/decobelo/wp-content/themes/decobelo/woocommerce/archive-product.php:50
Stack trace:
#0 /opt/lampp/htdocs/decobelo/wp-content/plugins/woocommerce/includes/wc-core-functions.php(345): include()
#1 /opt/lampp/htdocs/decobelo/wp-content/plugins/woocommerce/templates/taxonomy-product-cat.php(22): wc_get_template('archive-product...')
#2 /opt/lampp/htdocs/decobelo/wp-includes/template-loader.php(106): include('/opt/lampp/htdo...')
#3 /opt/lampp/htdocs/decobelo/wp-blog-header.php(19): require_once('/opt/lampp/htdo...')
#4 /opt/lampp/htdocs/decobelo/index.php(17): require('/opt/lampp/htdo...')
#5 {main}
  thrown w /opt/lampp/htdocs/decobelo/wp-content/themes/decobelo/woocommerce/archive-product.php w linii 50

