2022-01-04T02:12:13+00:00 CRITICAL syntax error, unexpected ''remember'' (T_CONSTANT_ENCAPSED_STRING), expecting ')' w /opt/lampp/htdocs/decobelo/wp-content/themes/decobelo/functions.php w linii 143

2022-01-04T02:18:38+00:00 CRITICAL syntax error, unexpected 'get_home_url' (T_STRING), expecting ';' or ',' w /opt/lampp/htdocs/decobelo/wp-content/themes/decobelo/functions.php w linii 151

2022-01-04T14:08:09+00:00 CRITICAL Uncaught Error: Cannot use object of type WP_Term as array in /opt/lampp/htdocs/decobelo/wp-content/plugins/decobelo/products/products-list.php:375
Stack trace:
#0 /opt/lampp/htdocs/decobelo/wp-content/themes/decobelo/woocommerce/archive-product.php(91): render_filters(Array)
#1 /opt/lampp/htdocs/decobelo/wp-content/plugins/woocommerce/includes/wc-core-functions.php(345): include('/opt/lampp/htdo...')
#2 /opt/lampp/htdocs/decobelo/wp-content/plugins/woocommerce/templates/taxonomy-product-cat.php(22): wc_get_template('archive-product...')
#3 /opt/lampp/htdocs/decobelo/wp-includes/template-loader.php(106): include('/opt/lampp/htdo...')
#4 /opt/lampp/htdocs/decobelo/wp-blog-header.php(19): require_once('/opt/lampp/htdo...')
#5 /opt/lampp/htdocs/decobelo/index.php(17): require('/opt/lampp/htdo...')
#6 {main}
  thrown w /opt/lampp/htdocs/decobelo/wp-content/plugins/decobelo/products/products-list.php w linii 375

2022-01-04T14:10:17+00:00 CRITICAL Uncaught Error: Object of class WP_Error could not be converted to string in /opt/lampp/htdocs/decobelo/wp-content/plugins/decobelo/products/products-list.php:375
Stack trace:
#0 /opt/lampp/htdocs/decobelo/wp-content/plugins/decobelo/products/products-list.php(375): sprintf('<a href="%s" cl...', Object(WP_Error), NULL)
#1 /opt/lampp/htdocs/decobelo/wp-content/themes/decobelo/woocommerce/archive-product.php(91): render_filters(Array)
#2 /opt/lampp/htdocs/decobelo/wp-content/plugins/woocommerce/includes/wc-core-functions.php(345): include('/opt/lampp/htdo...')
#3 /opt/lampp/htdocs/decobelo/wp-content/plugins/woocommerce/templates/taxonomy-product-cat.php(22): wc_get_template('archive-product...')
#4 /opt/lampp/htdocs/decobelo/wp-includes/template-loader.php(106): include('/opt/lampp/htdo...')
#5 /opt/lampp/htdocs/decobelo/wp-blog-header.php(19): require_once('/opt/lampp/htdo...')
#6 /opt/lampp/htdocs/decobelo/index.php(17): require('/opt/lampp/htdo...')
#7 {main}
  thrown w /opt/lampp/htdocs/decobelo/wp-content/plugins/decobelo/products/products-list.php w linii 375

2022-01-04T14:11:28+00:00 CRITICAL Uncaught Error: Cannot use object of type WP_Term as array in /opt/lampp/htdocs/decobelo/wp-content/plugins/decobelo/products/products-list.php:375
Stack trace:
#0 /opt/lampp/htdocs/decobelo/wp-content/themes/decobelo/woocommerce/archive-product.php(91): render_filters(Array)
#1 /opt/lampp/htdocs/decobelo/wp-content/plugins/woocommerce/includes/wc-core-functions.php(345): include('/opt/lampp/htdo...')
#2 /opt/lampp/htdocs/decobelo/wp-content/plugins/woocommerce/templates/taxonomy-product-cat.php(22): wc_get_template('archive-product...')
#3 /opt/lampp/htdocs/decobelo/wp-includes/template-loader.php(106): include('/opt/lampp/htdo...')
#4 /opt/lampp/htdocs/decobelo/wp-blog-header.php(19): require_once('/opt/lampp/htdo...')
#5 /opt/lampp/htdocs/decobelo/index.php(17): require('/opt/lampp/htdo...')
#6 {main}
  thrown w /opt/lampp/htdocs/decobelo/wp-content/plugins/decobelo/products/products-list.php w linii 375

2022-01-04T14:16:41+00:00 CRITICAL Uncaught Error: Object of class WP_Error could not be converted to string in /opt/lampp/htdocs/decobelo/wp-content/plugins/decobelo/products/products-list.php:382
Stack trace:
#0 /opt/lampp/htdocs/decobelo/wp-content/plugins/decobelo/products/products-list.php(382): sprintf('<a href="%s" cl...', Object(WP_Error), 'Kategoria 1a')
#1 /opt/lampp/htdocs/decobelo/wp-content/themes/decobelo/woocommerce/archive-product.php(91): render_filters(Array)
#2 /opt/lampp/htdocs/decobelo/wp-content/plugins/woocommerce/includes/wc-core-functions.php(345): include('/opt/lampp/htdo...')
#3 /opt/lampp/htdocs/decobelo/wp-content/plugins/woocommerce/templates/taxonomy-product-cat.php(22): wc_get_template('archive-product...')
#4 /opt/lampp/htdocs/decobelo/wp-includes/template-loader.php(106): include('/opt/lampp/htdo...')
#5 /opt/lampp/htdocs/decobelo/wp-blog-header.php(19): require_once('/opt/lampp/htdo...')
#6 /opt/lampp/htdocs/decobelo/index.php(17): require('/opt/lampp/htdo...')
#7 {main}
  thrown w /opt/lampp/htdocs/decobelo/wp-content/plugins/decobelo/products/products-list.php w linii 382

