2022-01-17T13:06:32+00:00 CRITICAL Uncaught Error: Cannot use object of type WP_Term as array in /opt/lampp/htdocs/decobelo/wp-content/themes/decobelo/functions.php:301
Stack trace:
#0 /opt/lampp/htdocs/decobelo/wp-content/themes/decobelo/db_startpage.php(56): start_products_block('product_cat', 'Produkty', true)
#1 /opt/lampp/htdocs/decobelo/wp-includes/template-loader.php(106): include('/opt/lampp/htdo...')
#2 /opt/lampp/htdocs/decobelo/wp-blog-header.php(19): require_once('/opt/lampp/htdo...')
#3 /opt/lampp/htdocs/decobelo/index.php(17): require('/opt/lampp/htdo...')
#4 {main}
  thrown w /opt/lampp/htdocs/decobelo/wp-content/themes/decobelo/functions.php w linii 301

2022-01-17T13:12:58+00:00 CRITICAL syntax error, unexpected '}' w /opt/lampp/htdocs/decobelo/wp-content/themes/decobelo/functions.php w linii 311

2022-01-17T14:03:46+00:00 CRITICAL syntax error, unexpected '}', expecting end of file w /opt/lampp/htdocs/decobelo/wp-content/themes/decobelo/woocommerce/archive-product.php w linii 161

2022-01-17T15:26:42+00:00 CRITICAL Uncaught Error: Call to undefined function is_empty() in /opt/lampp/htdocs/decobelo/wp-content/themes/decobelo/woocommerce/archive-product.php:37
Stack trace:
#0 /opt/lampp/htdocs/decobelo/wp-includes/template-loader.php(106): include()
#1 /opt/lampp/htdocs/decobelo/wp-blog-header.php(19): require_once('/opt/lampp/htdo...')
#2 /opt/lampp/htdocs/decobelo/index.php(17): require('/opt/lampp/htdo...')
#3 {main}
  thrown w /opt/lampp/htdocs/decobelo/wp-content/themes/decobelo/woocommerce/archive-product.php w linii 37

2022-01-17T16:00:35+00:00 CRITICAL syntax error, unexpected '(', expecting variable (T_VARIABLE) w /opt/lampp/htdocs/decobelo/wp-content/themes/decobelo/functions.php w linii 38

2022-01-17T16:00:43+00:00 CRITICAL syntax error, unexpected '(', expecting variable (T_VARIABLE) w /opt/lampp/htdocs/decobelo/wp-content/themes/decobelo/functions.php w linii 38

2022-01-17T16:04:58+00:00 CRITICAL Uncaught Error: Call to undefined function remove_title() in /opt/lampp/htdocs/decobelo/wp-content/themes/decobelo/functions.php:62
Stack trace:
#0 /opt/lampp/htdocs/decobelo/wp-includes/class-wp-hook.php(303): head_data('')
#1 /opt/lampp/htdocs/decobelo/wp-includes/class-wp-hook.php(327): WP_Hook->apply_filters(NULL, Array)
#2 /opt/lampp/htdocs/decobelo/wp-includes/plugin.php(470): WP_Hook->do_action(Array)
#3 /opt/lampp/htdocs/decobelo/wp-includes/general-template.php(3015): do_action('wp_head')
#4 /opt/lampp/htdocs/decobelo/wp-content/themes/decobelo/header.php(20): wp_head()
#5 /opt/lampp/htdocs/decobelo/wp-includes/template.php(770): require_once('/opt/lampp/htdo...')
#6 /opt/lampp/htdocs/decobelo/wp-includes/template.php(716): load_template('/opt/lampp/htdo...', true, Array)
#7 /opt/lampp/htdocs/decobelo/wp-includes/general-template.php(48): locate_template(Array, true, true, Array)
#8 /opt/lampp/htdocs/decobelo/wp-content/themes/decobelo/woocommerce/archive-product.php(20): get_header('shop')
#9 /opt/l w /opt/lampp/htdocs/decobelo/wp-content/themes/decobelo/functions.php w linii 62

2022-01-17T16:43:27+00:00 CRITICAL syntax error, unexpected '$metatitle' (T_VARIABLE), expecting ')' w /opt/lampp/htdocs/decobelo/wp-content/themes/decobelo/functions.php w linii 85

2022-01-17T16:43:44+00:00 CRITICAL syntax error, unexpected '$metadesc' (T_VARIABLE), expecting ')' w /opt/lampp/htdocs/decobelo/wp-content/themes/decobelo/functions.php w linii 85

2022-01-17T21:55:22+00:00 CRITICAL syntax error, unexpected ')' w /opt/lampp/htdocs/decobelo/wp-content/themes/decobelo/woocommerce/archive-product.php w linii 37

