2021-12-20T12:05:05+00:00 CRITICAL syntax error, unexpected ')', expecting variable (T_VARIABLE) or '{' or '$' w /opt/lampp/htdocs/decobelo/wp-content/themes/decobelo/functions.php w linii 17

2021-12-20T12:08:05+00:00 CRITICAL syntax error, unexpected 'echo' (T_ECHO), expecting ';' or ',' w /opt/lampp/htdocs/decobelo/wp-content/themes/decobelo/functions.php w linii 17

2021-12-20T12:08:05+00:00 CRITICAL syntax error, unexpected 'echo' (T_ECHO), expecting ';' or ',' w /opt/lampp/htdocs/decobelo/wp-content/themes/decobelo/functions.php w linii 17

2021-12-20T12:37:40+00:00 CRITICAL syntax error, unexpected '_wp_render_title_tag' (T_STRING) w /opt/lampp/htdocs/decobelo/wp-content/themes/decobelo/functions.php w linii 22

2021-12-20T12:51:54+00:00 CRITICAL Uncaught Error: Undefined constant 'n' in /opt/lampp/htdocs/decobelo/wp-content/themes/decobelo/functions.php:27
Stack trace:
#0 /opt/lampp/htdocs/decobelo/wp-includes/class-wp-hook.php(303): head_data('')
#1 /opt/lampp/htdocs/decobelo/wp-includes/class-wp-hook.php(327): WP_Hook->apply_filters(NULL, Array)
#2 /opt/lampp/htdocs/decobelo/wp-includes/plugin.php(470): WP_Hook->do_action(Array)
#3 /opt/lampp/htdocs/decobelo/wp-includes/general-template.php(3015): do_action('wp_head')
#4 /opt/lampp/htdocs/decobelo/wp-content/themes/decobelo/header.php(19): wp_head()
#5 /opt/lampp/htdocs/decobelo/wp-includes/template.php(770): require_once('/opt/lampp/htdo...')
#6 /opt/lampp/htdocs/decobelo/wp-includes/template.php(716): load_template('/opt/lampp/htdo...', true, Array)
#7 /opt/lampp/htdocs/decobelo/wp-includes/general-template.php(48): locate_template(Array, true, true, Array)
#8 /opt/lampp/htdocs/decobelo/wp-content/themes/decobelo/woocommerce/archive-product.php(20): get_header('shop')
#9 /opt/lampp/htdocs/decobel w /opt/lampp/htdocs/decobelo/wp-content/themes/decobelo/functions.php w linii 27

2021-12-20T22:36:25+00:00 CRITICAL syntax error, unexpected 'if' (T_IF) w /opt/lampp/htdocs/decobelo/wp-content/themes/decobelo/woocommerce/checkout/form-checkout.php w linii 27

2021-12-20T22:44:31+00:00 CRITICAL Uncaught Error: Call to a member function needs_payment() on null in /opt/lampp/htdocs/decobelo/wp-content/themes/decobelo/woocommerce/checkout/form-checkout.php:55
Stack trace:
#0 /opt/lampp/htdocs/decobelo/wp-content/plugins/woocommerce/includes/wc-core-functions.php(345): include()
#1 /opt/lampp/htdocs/decobelo/wp-content/plugins/woocommerce/includes/shortcodes/class-wc-shortcode-checkout.php(293): wc_get_template('checkout/form-c...', Array)
#2 /opt/lampp/htdocs/decobelo/wp-content/plugins/woocommerce/includes/shortcodes/class-wc-shortcode-checkout.php(67): WC_Shortcode_Checkout::checkout()
#3 /opt/lampp/htdocs/decobelo/wp-content/plugins/woocommerce/includes/class-wc-shortcodes.php(72): WC_Shortcode_Checkout::output('')
#4 /opt/lampp/htdocs/decobelo/wp-content/plugins/woocommerce/includes/class-wc-shortcodes.php(95): WC_Shortcodes::shortcode_wrapper(Array, '')
#5 /opt/lampp/htdocs/decobelo/wp-includes/shortcodes.php(356): WC_Shortcodes::checkout('', '', 'woocommerce_che...')
#6 [internal function]: do_sh w /opt/lampp/htdocs/decobelo/wp-content/themes/decobelo/woocommerce/checkout/form-checkout.php w linii 55

2021-12-20T22:46:14+00:00 CRITICAL Uncaught Error: Call to a member function needs_payment() on null in /opt/lampp/htdocs/decobelo/wp-content/themes/decobelo/woocommerce/checkout/form-checkout.php:55
Stack trace:
#0 /opt/lampp/htdocs/decobelo/wp-content/plugins/woocommerce/includes/wc-core-functions.php(345): include()
#1 /opt/lampp/htdocs/decobelo/wp-content/plugins/woocommerce/includes/shortcodes/class-wc-shortcode-checkout.php(293): wc_get_template('checkout/form-c...', Array)
#2 /opt/lampp/htdocs/decobelo/wp-content/plugins/woocommerce/includes/shortcodes/class-wc-shortcode-checkout.php(67): WC_Shortcode_Checkout::checkout()
#3 /opt/lampp/htdocs/decobelo/wp-content/plugins/woocommerce/includes/class-wc-shortcodes.php(72): WC_Shortcode_Checkout::output('')
#4 /opt/lampp/htdocs/decobelo/wp-content/plugins/woocommerce/includes/class-wc-shortcodes.php(95): WC_Shortcodes::shortcode_wrapper(Array, '')
#5 /opt/lampp/htdocs/decobelo/wp-includes/shortcodes.php(356): WC_Shortcodes::checkout('', '', 'woocommerce_che...')
#6 [internal function]: do_sh w /opt/lampp/htdocs/decobelo/wp-content/themes/decobelo/woocommerce/checkout/form-checkout.php w linii 55

2021-12-20T23:01:46+00:00 CRITICAL Uncaught Error: Call to a member function needs_payment() on null in /opt/lampp/htdocs/decobelo/wp-content/themes/decobelo/woocommerce/checkout/form-checkout.php:55
Stack trace:
#0 /opt/lampp/htdocs/decobelo/wp-content/plugins/woocommerce/includes/wc-core-functions.php(345): include()
#1 /opt/lampp/htdocs/decobelo/wp-content/plugins/woocommerce/includes/shortcodes/class-wc-shortcode-checkout.php(293): wc_get_template('checkout/form-c...', Array)
#2 /opt/lampp/htdocs/decobelo/wp-content/plugins/woocommerce/includes/shortcodes/class-wc-shortcode-checkout.php(67): WC_Shortcode_Checkout::checkout()
#3 /opt/lampp/htdocs/decobelo/wp-content/plugins/woocommerce/includes/class-wc-shortcodes.php(72): WC_Shortcode_Checkout::output('')
#4 /opt/lampp/htdocs/decobelo/wp-content/plugins/woocommerce/includes/class-wc-shortcodes.php(95): WC_Shortcodes::shortcode_wrapper(Array, '')
#5 /opt/lampp/htdocs/decobelo/wp-includes/shortcodes.php(356): WC_Shortcodes::checkout('', '', 'woocommerce_che...')
#6 [internal function]: do_sh w /opt/lampp/htdocs/decobelo/wp-content/themes/decobelo/woocommerce/checkout/form-checkout.php w linii 55

2021-12-20T23:03:04+00:00 CRITICAL syntax error, unexpected '<', expecting end of file w /opt/lampp/htdocs/decobelo/wp-content/themes/decobelo/woocommerce/checkout/form-checkout.php w linii 101

2021-12-20T23:09:45+00:00 CRITICAL Uncaught Error: Call to a member function get_title() on null in /opt/lampp/htdocs/decobelo/wp-content/themes/decobelo/woocommerce/checkout/form-checkout.php:66
Stack trace:
#0 /opt/lampp/htdocs/decobelo/wp-content/plugins/woocommerce/includes/wc-core-functions.php(345): include()
#1 /opt/lampp/htdocs/decobelo/wp-content/plugins/woocommerce/includes/shortcodes/class-wc-shortcode-checkout.php(293): wc_get_template('checkout/form-c...', Array)
#2 /opt/lampp/htdocs/decobelo/wp-content/plugins/woocommerce/includes/shortcodes/class-wc-shortcode-checkout.php(67): WC_Shortcode_Checkout::checkout()
#3 /opt/lampp/htdocs/decobelo/wp-content/plugins/woocommerce/includes/class-wc-shortcodes.php(72): WC_Shortcode_Checkout::output('')
#4 /opt/lampp/htdocs/decobelo/wp-content/plugins/woocommerce/includes/class-wc-shortcodes.php(95): WC_Shortcodes::shortcode_wrapper(Array, '')
#5 /opt/lampp/htdocs/decobelo/wp-includes/shortcodes.php(356): WC_Shortcodes::checkout('', '', 'woocommerce_che...')
#6 [internal function]: do_shortc w /opt/lampp/htdocs/decobelo/wp-content/themes/decobelo/woocommerce/checkout/form-checkout.php w linii 66

2021-12-20T23:12:44+00:00 CRITICAL Uncaught Error: Call to a member function get_title() on null in /opt/lampp/htdocs/decobelo/wp-content/plugins/woocommerce/templates/checkout/payment-method.php:26
Stack trace:
#0 /opt/lampp/htdocs/decobelo/wp-content/plugins/woocommerce/includes/wc-core-functions.php(345): include()
#1 /opt/lampp/htdocs/decobelo/wp-content/themes/decobelo/woocommerce/checkout/form-checkout.php(56): wc_get_template('checkout/paymen...')
#2 /opt/lampp/htdocs/decobelo/wp-content/plugins/woocommerce/includes/wc-core-functions.php(345): include('/opt/lampp/htdo...')
#3 /opt/lampp/htdocs/decobelo/wp-content/plugins/woocommerce/includes/shortcodes/class-wc-shortcode-checkout.php(293): wc_get_template('checkout/form-c...', Array)
#4 /opt/lampp/htdocs/decobelo/wp-content/plugins/woocommerce/includes/shortcodes/class-wc-shortcode-checkout.php(67): WC_Shortcode_Checkout::checkout()
#5 /opt/lampp/htdocs/decobelo/wp-content/plugins/woocommerce/includes/class-wc-shortcodes.php(72): WC_Shortcode_Checkout::output('')
#6 /opt/lampp/htdocs/de w /opt/lampp/htdocs/decobelo/wp-content/plugins/woocommerce/templates/checkout/payment-method.php w linii 26

2021-12-20T23:13:04+00:00 CRITICAL Uncaught Error: Call to a member function get_title() on null in /opt/lampp/htdocs/decobelo/wp-content/plugins/woocommerce/templates/checkout/payment-method.php:26
Stack trace:
#0 /opt/lampp/htdocs/decobelo/wp-content/plugins/woocommerce/includes/wc-core-functions.php(345): include()
#1 /opt/lampp/htdocs/decobelo/wp-content/themes/decobelo/woocommerce/checkout/form-checkout.php(56): wc_get_template('checkout/paymen...')
#2 /opt/lampp/htdocs/decobelo/wp-content/plugins/woocommerce/includes/wc-core-functions.php(345): include('/opt/lampp/htdo...')
#3 /opt/lampp/htdocs/decobelo/wp-content/plugins/woocommerce/includes/shortcodes/class-wc-shortcode-checkout.php(293): wc_get_template('checkout/form-c...', Array)
#4 /opt/lampp/htdocs/decobelo/wp-content/plugins/woocommerce/includes/shortcodes/class-wc-shortcode-checkout.php(67): WC_Shortcode_Checkout::checkout()
#5 /opt/lampp/htdocs/decobelo/wp-content/plugins/woocommerce/includes/class-wc-shortcodes.php(72): WC_Shortcode_Checkout::output('')
#6 /opt/lampp/htdocs/de w /opt/lampp/htdocs/decobelo/wp-content/plugins/woocommerce/templates/checkout/payment-method.php w linii 26

2021-12-20T23:49:20+00:00 CRITICAL syntax error, unexpected '<', expecting end of file w /opt/lampp/htdocs/decobelo/wp-content/themes/decobelo/woocommerce/checkout/form-checkout.php w linii 84

