2022-01-05T12:41:46+00:00 CRITICAL syntax error, unexpected ';', expecting ')' w /opt/lampp/htdocs/decobelo/wp-content/themes/decobelo/woocommerce/archive-product.php w linii 87

2022-01-05T12:41:53+00:00 CRITICAL syntax error, unexpected '}' w /opt/lampp/htdocs/decobelo/wp-content/themes/decobelo/woocommerce/archive-product.php w linii 89

2022-01-05T12:43:35+00:00 CRITICAL Uncaught Error: Call to undefined function arrayexplode() in /opt/lampp/htdocs/decobelo/wp-content/themes/decobelo/woocommerce/archive-product.php:89
Stack trace:
#0 /opt/lampp/htdocs/decobelo/wp-content/plugins/woocommerce/includes/wc-core-functions.php(345): include()
#1 /opt/lampp/htdocs/decobelo/wp-content/plugins/woocommerce/templates/taxonomy-product-cat.php(22): wc_get_template('archive-product...')
#2 /opt/lampp/htdocs/decobelo/wp-includes/template-loader.php(106): include('/opt/lampp/htdo...')
#3 /opt/lampp/htdocs/decobelo/wp-blog-header.php(19): require_once('/opt/lampp/htdo...')
#4 /opt/lampp/htdocs/decobelo/index.php(17): require('/opt/lampp/htdo...')
#5 {main}
  thrown w /opt/lampp/htdocs/decobelo/wp-content/themes/decobelo/woocommerce/archive-product.php w linii 89

2022-01-05T13:16:21+00:00 CRITICAL syntax error, unexpected ')' w /opt/lampp/htdocs/decobelo/wp-content/themes/decobelo/woocommerce/archive-product.php w linii 68

2022-01-05T13:16:30+00:00 CRITICAL syntax error, unexpected ')' w /opt/lampp/htdocs/decobelo/wp-content/themes/decobelo/woocommerce/archive-product.php w linii 68

2022-01-05T13:16:36+00:00 CRITICAL syntax error, unexpected ')' w /opt/lampp/htdocs/decobelo/wp-content/themes/decobelo/woocommerce/archive-product.php w linii 68

2022-01-05T13:31:21+00:00 CRITICAL syntax error, unexpected 'var_dump' (T_STRING), expecting ';' or ',' w /opt/lampp/htdocs/decobelo/wp-content/themes/decobelo/woocommerce/archive-product.php w linii 75

2022-01-05T15:05:10+00:00 CRITICAL Uncaught ArgumentCountError: Too few arguments to function wc_get_loop_prop(), 0 passed in /opt/lampp/htdocs/decobelo/wp-content/themes/decobelo/woocommerce/archive-product.php on line 126 and at least 1 expected in /opt/lampp/htdocs/decobelo/wp-content/plugins/woocommerce/includes/wc-template-functions.php:219
Stack trace:
#0 /opt/lampp/htdocs/decobelo/wp-content/themes/decobelo/woocommerce/archive-product.php(126): wc_get_loop_prop()
#1 /opt/lampp/htdocs/decobelo/wp-content/plugins/woocommerce/includes/wc-core-functions.php(345): include('/opt/lampp/htdo...')
#2 /opt/lampp/htdocs/decobelo/wp-content/plugins/woocommerce/templates/taxonomy-product-cat.php(22): wc_get_template('archive-product...')
#3 /opt/lampp/htdocs/decobelo/wp-includes/template-loader.php(106): include('/opt/lampp/htdo...')
#4 /opt/lampp/htdocs/decobelo/wp-blog-header.php(19): require_once('/opt/lampp/htdo...')
#5 /opt/lampp/htdocs/decobelo/index.php(17): require('/opt/lampp/htdo...')
#6 {main}
  thrown w /opt/lampp/htdocs/decobelo/wp-content/plugins/woocommerce/includes/wc-template-functions.php w linii 219

2022-01-05T15:38:31+00:00 CRITICAL syntax error, unexpected '}', expecting end of file w /opt/lampp/htdocs/decobelo/wp-content/themes/decobelo/woocommerce/archive-product.php w linii 161

2022-01-05T15:52:35+00:00 CRITICAL syntax error, unexpected ')' w /opt/lampp/htdocs/decobelo/wp-content/themes/decobelo/woocommerce/archive-product.php w linii 111

