2021-12-09T12:41:52+00:00 CRITICAL syntax error, unexpected end of file w /opt/lampp/htdocs/decobelo/wp-content/themes/decobelo/woocommerce/archive-product.php w linii 125

2021-12-09T12:48:41+00:00 CRITICAL Uncaught Error: Call to a member function get_name() on int in /opt/lampp/htdocs/decobelo/wp-content/plugins/decobelo/products/products-list.php:84
Stack trace:
#0 /opt/lampp/htdocs/decobelo/wp-content/themes/decobelo/woocommerce/archive-product.php(58): get_current_filters('kolekcje', 'kolekcja-1')
#1 /opt/lampp/htdocs/decobelo/wp-includes/template-loader.php(106): include('/opt/lampp/htdo...')
#2 /opt/lampp/htdocs/decobelo/wp-blog-header.php(19): require_once('/opt/lampp/htdo...')
#3 /opt/lampp/htdocs/decobelo/index.php(17): require('/opt/lampp/htdo...')
#4 {main}
  thrown w /opt/lampp/htdocs/decobelo/wp-content/plugins/decobelo/products/products-list.php w linii 84

2021-12-09T12:57:03+00:00 CRITICAL Uncaught Error: Call to undefined method WC_Product_Attribute::id() in /opt/lampp/htdocs/decobelo/wp-content/plugins/decobelo/products/products-list.php:85
Stack trace:
#0 /opt/lampp/htdocs/decobelo/wp-content/themes/decobelo/woocommerce/archive-product.php(58): get_current_filters('kolekcje', 'kolekcja-1')
#1 /opt/lampp/htdocs/decobelo/wp-includes/template-loader.php(106): include('/opt/lampp/htdo...')
#2 /opt/lampp/htdocs/decobelo/wp-blog-header.php(19): require_once('/opt/lampp/htdo...')
#3 /opt/lampp/htdocs/decobelo/index.php(17): require('/opt/lampp/htdo...')
#4 {main}
  thrown w /opt/lampp/htdocs/decobelo/wp-content/plugins/decobelo/products/products-list.php w linii 85

2021-12-09T13:13:37+00:00 CRITICAL Uncaught Error: Call to undefined function get_the_term() in /opt/lampp/htdocs/decobelo/wp-content/plugins/decobelo/products/products-list.php:87
Stack trace:
#0 /opt/lampp/htdocs/decobelo/wp-content/themes/decobelo/woocommerce/archive-product.php(58): get_current_filters('product_cat', 'kategoria-1')
#1 /opt/lampp/htdocs/decobelo/wp-content/plugins/woocommerce/includes/wc-core-functions.php(345): include('/opt/lampp/htdo...')
#2 /opt/lampp/htdocs/decobelo/wp-content/plugins/woocommerce/templates/taxonomy-product-cat.php(22): wc_get_template('archive-product...')
#3 /opt/lampp/htdocs/decobelo/wp-includes/template-loader.php(106): include('/opt/lampp/htdo...')
#4 /opt/lampp/htdocs/decobelo/wp-blog-header.php(19): require_once('/opt/lampp/htdo...')
#5 /opt/lampp/htdocs/decobelo/index.php(17): require('/opt/lampp/htdo...')
#6 {main}
  thrown w /opt/lampp/htdocs/decobelo/wp-content/plugins/decobelo/products/products-list.php w linii 87

2021-12-09T15:21:31+00:00 CRITICAL syntax error, unexpected '=' w /opt/lampp/htdocs/decobelo/wp-content/themes/decobelo/woocommerce/archive-product.php w linii 58

2021-12-09T15:22:32+00:00 CRITICAL Uncaught ArgumentCountError: Too few arguments to function set_transient(), 1 passed in /opt/lampp/htdocs/decobelo/wp-content/themes/decobelo/woocommerce/archive-product.php on line 60 and at least 2 expected in /opt/lampp/htdocs/decobelo/wp-includes/option.php:889
Stack trace:
#0 /opt/lampp/htdocs/decobelo/wp-content/themes/decobelo/woocommerce/archive-product.php(60): set_transient('product_cat_kat...')
#1 /opt/lampp/htdocs/decobelo/wp-content/plugins/woocommerce/includes/wc-core-functions.php(345): include('/opt/lampp/htdo...')
#2 /opt/lampp/htdocs/decobelo/wp-content/plugins/woocommerce/templates/taxonomy-product-cat.php(22): wc_get_template('archive-product...')
#3 /opt/lampp/htdocs/decobelo/wp-includes/template-loader.php(106): include('/opt/lampp/htdo...')
#4 /opt/lampp/htdocs/decobelo/wp-blog-header.php(19): require_once('/opt/lampp/htdo...')
#5 /opt/lampp/htdocs/decobelo/index.php(17): require('/opt/lampp/htdo...')
#6 {main}
  thrown w /opt/lampp/htdocs/decobelo/wp-includes/option.php w linii 889

