2022-01-23T13:16:21+00:00 CRITICAL Uncaught Error: Call to undefined method Emaile::postboxy() in /opt/lampp/htdocs/decobelo/wp-content/plugins/decobelo/email.php:65
Stack trace:
#0 /opt/lampp/htdocs/decobelo/wp-includes/class-wp-hook.php(303): Emaile->emaile('')
#1 /opt/lampp/htdocs/decobelo/wp-includes/class-wp-hook.php(327): WP_Hook->apply_filters('', Array)
#2 /opt/lampp/htdocs/decobelo/wp-includes/plugin.php(470): WP_Hook->do_action(Array)
#3 /opt/lampp/htdocs/decobelo/wp-admin/admin.php(259): do_action('woocommerce_pag...')
#4 {main}
  thrown w /opt/lampp/htdocs/decobelo/wp-content/plugins/decobelo/email.php w linii 65

2022-01-23T13:25:26+00:00 CRITICAL Uncaught ArgumentCountError: Too few arguments to function Emaile::postboxy(), 0 passed in /opt/lampp/htdocs/decobelo/wp-content/plugins/decobelo/email.php on line 66 and exactly 1 expected in /opt/lampp/htdocs/decobelo/wp-content/plugins/decobelo/email.php:79
Stack trace:
#0 /opt/lampp/htdocs/decobelo/wp-content/plugins/decobelo/email.php(66): Emaile->postboxy()
#1 /opt/lampp/htdocs/decobelo/wp-includes/class-wp-hook.php(303): Emaile->emaile('')
#2 /opt/lampp/htdocs/decobelo/wp-includes/class-wp-hook.php(327): WP_Hook->apply_filters('', Array)
#3 /opt/lampp/htdocs/decobelo/wp-includes/plugin.php(470): WP_Hook->do_action(Array)
#4 /opt/lampp/htdocs/decobelo/wp-admin/admin.php(259): do_action('woocommerce_pag...')
#5 {main}
  thrown w /opt/lampp/htdocs/decobelo/wp-content/plugins/decobelo/email.php w linii 79

2022-01-23T13:25:49+00:00 CRITICAL Uncaught ArgumentCountError: Too few arguments to function Emaile::postboxy(), 0 passed in /opt/lampp/htdocs/decobelo/wp-content/plugins/decobelo/email.php on line 66 and exactly 1 expected in /opt/lampp/htdocs/decobelo/wp-content/plugins/decobelo/email.php:81
Stack trace:
#0 /opt/lampp/htdocs/decobelo/wp-content/plugins/decobelo/email.php(66): Emaile->postboxy()
#1 /opt/lampp/htdocs/decobelo/wp-includes/class-wp-hook.php(303): Emaile->emaile('')
#2 /opt/lampp/htdocs/decobelo/wp-includes/class-wp-hook.php(327): WP_Hook->apply_filters('', Array)
#3 /opt/lampp/htdocs/decobelo/wp-includes/plugin.php(470): WP_Hook->do_action(Array)
#4 /opt/lampp/htdocs/decobelo/wp-admin/admin.php(259): do_action('woocommerce_pag...')
#5 {main}
  thrown w /opt/lampp/htdocs/decobelo/wp-content/plugins/decobelo/email.php w linii 81

2022-01-23T13:43:10+00:00 CRITICAL Uncaught Error: Function name must be a string in /opt/lampp/htdocs/decobelo/wp-content/plugins/decobelo/email.php:74
Stack trace:
#0 /opt/lampp/htdocs/decobelo/wp-includes/class-wp-hook.php(303): Emaile->emaile('')
#1 /opt/lampp/htdocs/decobelo/wp-includes/class-wp-hook.php(327): WP_Hook->apply_filters('', Array)
#2 /opt/lampp/htdocs/decobelo/wp-includes/plugin.php(470): WP_Hook->do_action(Array)
#3 /opt/lampp/htdocs/decobelo/wp-admin/admin.php(259): do_action('woocommerce_pag...')
#4 {main}
  thrown w /opt/lampp/htdocs/decobelo/wp-content/plugins/decobelo/email.php w linii 74

2022-01-23T13:43:24+00:00 CRITICAL Uncaught Error: Function name must be a string in /opt/lampp/htdocs/decobelo/wp-content/plugins/decobelo/email.php:74
Stack trace:
#0 /opt/lampp/htdocs/decobelo/wp-includes/class-wp-hook.php(303): Emaile->emaile('')
#1 /opt/lampp/htdocs/decobelo/wp-includes/class-wp-hook.php(327): WP_Hook->apply_filters('', Array)
#2 /opt/lampp/htdocs/decobelo/wp-includes/plugin.php(470): WP_Hook->do_action(Array)
#3 /opt/lampp/htdocs/decobelo/wp-admin/admin.php(259): do_action('woocommerce_pag...')
#4 {main}
  thrown w /opt/lampp/htdocs/decobelo/wp-content/plugins/decobelo/email.php w linii 74

