2021-12-25T10:51:20+00:00 CRITICAL Uncaught Error: Call to undefined method WC_Cart::remove_fee() in /opt/lampp/htdocs/decobelo/wp-content/plugins/decobelo/cart.php:19
Stack trace:
#0 /opt/lampp/htdocs/decobelo/wp-includes/class-wp-hook.php(303): pt_add_handling_fee(Object(WC_Cart))
#1 /opt/lampp/htdocs/decobelo/wp-includes/class-wp-hook.php(327): WP_Hook->apply_filters('', Array)
#2 /opt/lampp/htdocs/decobelo/wp-includes/plugin.php(470): WP_Hook->do_action(Array)
#3 /opt/lampp/htdocs/decobelo/wp-content/plugins/woocommerce/includes/class-wc-cart.php(1885): do_action('woocommerce_car...', Object(WC_Cart))
#4 /opt/lampp/htdocs/decobelo/wp-content/plugins/woocommerce/includes/class-wc-cart-totals.php(272): WC_Cart->calculate_fees()
#5 /opt/lampp/htdocs/decobelo/wp-content/plugins/woocommerce/includes/class-wc-cart-totals.php(833): WC_Cart_Totals->get_fees_from_cart()
#6 /opt/lampp/htdocs/decobelo/wp-content/plugins/woocommerce/includes/class-wc-cart-totals.php(145): WC_Cart_Totals->calculate_fee_totals()
#7 /opt/lampp/htdocs/decobelo/wp-content/ w /opt/lampp/htdocs/decobelo/wp-content/plugins/decobelo/cart.php w linii 19

2021-12-25T21:51:26+00:00 CRITICAL Uncaught Error: Call to a member function get_attributes() on int in /opt/lampp/htdocs/decobelo/wp-content/plugins/decobelo/products/products-list.php:782
Stack trace:
#0 /opt/lampp/htdocs/decobelo/wp-content/plugins/decobelo/products/products-list.php(65): get_updated_filters(Object(stdClass))
#1 /opt/lampp/htdocs/decobelo/wp-includes/class-wp-hook.php(303): send_products('')
#2 /opt/lampp/htdocs/decobelo/wp-includes/class-wp-hook.php(327): WP_Hook->apply_filters('', Array)
#3 /opt/lampp/htdocs/decobelo/wp-includes/plugin.php(470): WP_Hook->do_action(Array)
#4 /opt/lampp/htdocs/decobelo/wp-admin/admin-ajax.php(187): do_action('wp_ajax_send_pr...')
#5 {main}
  thrown w /opt/lampp/htdocs/decobelo/wp-content/plugins/decobelo/products/products-list.php w linii 782

2021-12-25T21:51:36+00:00 CRITICAL Uncaught Error: Call to a member function get_attributes() on int in /opt/lampp/htdocs/decobelo/wp-content/plugins/decobelo/products/products-list.php:782
Stack trace:
#0 /opt/lampp/htdocs/decobelo/wp-content/plugins/decobelo/products/products-list.php(65): get_updated_filters(Object(stdClass))
#1 /opt/lampp/htdocs/decobelo/wp-includes/class-wp-hook.php(303): send_products('')
#2 /opt/lampp/htdocs/decobelo/wp-includes/class-wp-hook.php(327): WP_Hook->apply_filters('', Array)
#3 /opt/lampp/htdocs/decobelo/wp-includes/plugin.php(470): WP_Hook->do_action(Array)
#4 /opt/lampp/htdocs/decobelo/wp-admin/admin-ajax.php(187): do_action('wp_ajax_send_pr...')
#5 {main}
  thrown w /opt/lampp/htdocs/decobelo/wp-content/plugins/decobelo/products/products-list.php w linii 782

2021-12-25T21:52:04+00:00 CRITICAL Uncaught Error: Call to a member function get_attributes() on int in /opt/lampp/htdocs/decobelo/wp-content/plugins/decobelo/products/products-list.php:782
Stack trace:
#0 /opt/lampp/htdocs/decobelo/wp-content/plugins/decobelo/products/products-list.php(65): get_updated_filters(Object(stdClass))
#1 /opt/lampp/htdocs/decobelo/wp-includes/class-wp-hook.php(303): send_products('')
#2 /opt/lampp/htdocs/decobelo/wp-includes/class-wp-hook.php(327): WP_Hook->apply_filters('', Array)
#3 /opt/lampp/htdocs/decobelo/wp-includes/plugin.php(470): WP_Hook->do_action(Array)
#4 /opt/lampp/htdocs/decobelo/wp-admin/admin-ajax.php(187): do_action('wp_ajax_send_pr...')
#5 {main}
  thrown w /opt/lampp/htdocs/decobelo/wp-content/plugins/decobelo/products/products-list.php w linii 782

2021-12-25T22:20:58+00:00 CRITICAL Uncaught Error: Cannot use object of type stdClass as array in /opt/lampp/htdocs/decobelo/wp-content/plugins/decobelo/products/products-list.php:271
Stack trace:
#0 /opt/lampp/htdocs/decobelo/wp-content/themes/decobelo/woocommerce/archive-product.php(84): render_filters(Object(stdClass))
#1 /opt/lampp/htdocs/decobelo/wp-content/plugins/woocommerce/includes/wc-core-functions.php(345): include('/opt/lampp/htdo...')
#2 /opt/lampp/htdocs/decobelo/wp-content/plugins/woocommerce/templates/taxonomy-product-cat.php(22): wc_get_template('archive-product...')
#3 /opt/lampp/htdocs/decobelo/wp-includes/template-loader.php(106): include('/opt/lampp/htdo...')
#4 /opt/lampp/htdocs/decobelo/wp-blog-header.php(19): require_once('/opt/lampp/htdo...')
#5 /opt/lampp/htdocs/decobelo/index.php(17): require('/opt/lampp/htdo...')
#6 {main}
  thrown w /opt/lampp/htdocs/decobelo/wp-content/plugins/decobelo/products/products-list.php w linii 271

2021-12-25T22:22:38+00:00 CRITICAL Uncaught Error: Cannot use object of type stdClass as array in /opt/lampp/htdocs/decobelo/wp-content/plugins/decobelo/products/products-list.php:271
Stack trace:
#0 /opt/lampp/htdocs/decobelo/wp-content/themes/decobelo/woocommerce/archive-product.php(84): render_filters(Object(stdClass))
#1 /opt/lampp/htdocs/decobelo/wp-content/plugins/woocommerce/includes/wc-core-functions.php(345): include('/opt/lampp/htdo...')
#2 /opt/lampp/htdocs/decobelo/wp-content/plugins/woocommerce/templates/taxonomy-product-cat.php(22): wc_get_template('archive-product...')
#3 /opt/lampp/htdocs/decobelo/wp-includes/template-loader.php(106): include('/opt/lampp/htdo...')
#4 /opt/lampp/htdocs/decobelo/wp-blog-header.php(19): require_once('/opt/lampp/htdo...')
#5 /opt/lampp/htdocs/decobelo/index.php(17): require('/opt/lampp/htdo...')
#6 {main}
  thrown w /opt/lampp/htdocs/decobelo/wp-content/plugins/decobelo/products/products-list.php w linii 271

