2021-12-13T23:39:06+00:00 CRITICAL Uncaught Error: Call to a member function get_attributes() on int in /opt/lampp/htdocs/decobelo/wp-content/plugins/decobelo/products/products-list.php:213
Stack trace:
#0 /opt/lampp/htdocs/decobelo/wp-content/plugins/decobelo/products/products-list.php(58): get_updated_filters(Object(stdClass))
#1 /opt/lampp/htdocs/decobelo/wp-includes/class-wp-hook.php(303): send_products('')
#2 /opt/lampp/htdocs/decobelo/wp-includes/class-wp-hook.php(327): WP_Hook->apply_filters('', Array)
#3 /opt/lampp/htdocs/decobelo/wp-includes/plugin.php(470): WP_Hook->do_action(Array)
#4 /opt/lampp/htdocs/decobelo/wp-admin/admin-ajax.php(187): do_action('wp_ajax_send_pr...')
#5 {main}
  thrown w /opt/lampp/htdocs/decobelo/wp-content/plugins/decobelo/products/products-list.php w linii 213

2021-12-13T23:41:04+00:00 CRITICAL Uncaught Error: Call to a member function get_attributes() on int in /opt/lampp/htdocs/decobelo/wp-content/plugins/decobelo/products/products-list.php:213
Stack trace:
#0 /opt/lampp/htdocs/decobelo/wp-content/plugins/decobelo/products/products-list.php(58): get_updated_filters(Object(stdClass))
#1 /opt/lampp/htdocs/decobelo/wp-includes/class-wp-hook.php(303): send_products('')
#2 /opt/lampp/htdocs/decobelo/wp-includes/class-wp-hook.php(327): WP_Hook->apply_filters('', Array)
#3 /opt/lampp/htdocs/decobelo/wp-includes/plugin.php(470): WP_Hook->do_action(Array)
#4 /opt/lampp/htdocs/decobelo/wp-admin/admin-ajax.php(187): do_action('wp_ajax_send_pr...')
#5 {main}
  thrown w /opt/lampp/htdocs/decobelo/wp-content/plugins/decobelo/products/products-list.php w linii 213

2021-12-13T23:43:30+00:00 CRITICAL Uncaught Error: Call to a member function get_attributes() on array in /opt/lampp/htdocs/decobelo/wp-content/plugins/decobelo/products/products-list.php:213
Stack trace:
#0 /opt/lampp/htdocs/decobelo/wp-content/plugins/decobelo/products/products-list.php(58): get_updated_filters(Object(stdClass))
#1 /opt/lampp/htdocs/decobelo/wp-includes/class-wp-hook.php(303): send_products('')
#2 /opt/lampp/htdocs/decobelo/wp-includes/class-wp-hook.php(327): WP_Hook->apply_filters('', Array)
#3 /opt/lampp/htdocs/decobelo/wp-includes/plugin.php(470): WP_Hook->do_action(Array)
#4 /opt/lampp/htdocs/decobelo/wp-admin/admin-ajax.php(187): do_action('wp_ajax_send_pr...')
#5 {main}
  thrown w /opt/lampp/htdocs/decobelo/wp-content/plugins/decobelo/products/products-list.php w linii 213

