2022-01-12T00:29:32+00:00 CRITICAL Uncaught Error: Object of class WP_Term could not be converted to string in /opt/lampp/htdocs/decobelo/wp-content/plugins/decobelo/products/products-list.php:675
Stack trace:
#0 /opt/lampp/htdocs/decobelo/wp-content/plugins/decobelo/products/products-list.php(675): sprintf('<a class="filte...', 'kolekcje', 'kolekcja-2', 'Kolekcja', 'Kolekcja', Object(WP_Term))
#1 /opt/lampp/htdocs/decobelo/wp-content/themes/decobelo/woocommerce/archive-product.php(84): render_filters(Array, Array)
#2 /opt/lampp/htdocs/decobelo/wp-content/plugins/woocommerce/includes/wc-core-functions.php(345): include('/opt/lampp/htdo...')
#3 /opt/lampp/htdocs/decobelo/wp-content/plugins/woocommerce/templates/taxonomy-product-cat.php(22): wc_get_template('archive-product...')
#4 /opt/lampp/htdocs/decobelo/wp-includes/template-loader.php(106): include('/opt/lampp/htdo...')
#5 /opt/lampp/htdocs/decobelo/wp-blog-header.php(19): require_once('/opt/lampp/htdo...')
#6 /opt/lampp/htdocs/decobelo/index.php(17): require('/opt/lampp/htdo...')
#7 {main} w /opt/lampp/htdocs/decobelo/wp-content/plugins/decobelo/products/products-list.php w linii 675

2022-01-12T01:52:22+00:00 CRITICAL syntax error, unexpected '?', expecting end of file w /opt/lampp/htdocs/decobelo/wp-content/themes/decobelo/header.php w linii 65

2022-01-12T16:48:33+00:00 CRITICAL syntax error, unexpected ':', expecting '(' w /opt/lampp/htdocs/decobelo/wp-content/themes/decobelo/woocommerce/archive-product.php w linii 47

2022-01-12T20:09:32+00:00 CRITICAL Uncaught Error: Call to undefined function int() in /opt/lampp/htdocs/decobelo/wp-content/plugins/metaboxes/start.php:42
Stack trace:
#0 /opt/lampp/htdocs/decobelo/wp-includes/class-wp-hook.php(303): slider_data(Object(WP_Post))
#1 /opt/lampp/htdocs/decobelo/wp-includes/class-wp-hook.php(327): WP_Hook->apply_filters('', Array)
#2 /opt/lampp/htdocs/decobelo/wp-includes/plugin.php(470): WP_Hook->do_action(Array)
#3 /opt/lampp/htdocs/decobelo/wp-admin/edit-form-advanced.php(649): do_action('edit_form_after...', Object(WP_Post))
#4 /opt/lampp/htdocs/decobelo/wp-admin/post.php(206): require('/opt/lampp/htdo...')
#5 {main}
  thrown w /opt/lampp/htdocs/decobelo/wp-content/plugins/metaboxes/start.php w linii 42

2022-01-12T20:10:41+00:00 CRITICAL Uncaught Error: Call to undefined function int() in /opt/lampp/htdocs/decobelo/wp-content/plugins/metaboxes/start.php:42
Stack trace:
#0 /opt/lampp/htdocs/decobelo/wp-includes/class-wp-hook.php(303): slider_data(Object(WP_Post))
#1 /opt/lampp/htdocs/decobelo/wp-includes/class-wp-hook.php(327): WP_Hook->apply_filters('', Array)
#2 /opt/lampp/htdocs/decobelo/wp-includes/plugin.php(470): WP_Hook->do_action(Array)
#3 /opt/lampp/htdocs/decobelo/wp-admin/edit-form-advanced.php(649): do_action('edit_form_after...', Object(WP_Post))
#4 /opt/lampp/htdocs/decobelo/wp-admin/post.php(206): require('/opt/lampp/htdo...')
#5 {main}
  thrown w /opt/lampp/htdocs/decobelo/wp-content/plugins/metaboxes/start.php w linii 42

2022-01-12T22:15:20+00:00 CRITICAL syntax error, unexpected ';', expecting ')' w /opt/lampp/htdocs/decobelo/wp-content/themes/decobelo/db_startpage.php w linii 40

