2021-12-10T00:17:41+00:00 CRITICAL syntax error, unexpected '<' w /opt/lampp/htdocs/decobelo/wp-content/themes/decobelo/functions.php w linii 17

2021-12-10T00:17:47+00:00 CRITICAL syntax error, unexpected '<' w /opt/lampp/htdocs/decobelo/wp-content/themes/decobelo/functions.php w linii 17

2021-12-10T00:20:13+00:00 CRITICAL Uncaught Error: Call to undefined function get_template_url() in /opt/lampp/htdocs/decobelo/wp-content/themes/decobelo/functions.php:17
Stack trace:
#0 /opt/lampp/htdocs/decobelo/wp-includes/class-wp-hook.php(303): jk_woocommerce_breadcrumbs(Array)
#1 /opt/lampp/htdocs/decobelo/wp-includes/plugin.php(189): WP_Hook->apply_filters(Array, Array)
#2 /opt/lampp/htdocs/decobelo/wp-content/plugins/woocommerce/includes/wc-template-functions.php(2275): apply_filters('woocommerce_bre...', Array)
#3 /opt/lampp/htdocs/decobelo/wp-includes/class-wp-hook.php(301): woocommerce_breadcrumb()
#4 /opt/lampp/htdocs/decobelo/wp-includes/class-wp-hook.php(327): WP_Hook->apply_filters(NULL, Array)
#5 /opt/lampp/htdocs/decobelo/wp-includes/plugin.php(470): WP_Hook->do_action(Array)
#6 /opt/lampp/htdocs/decobelo/wp-content/themes/decobelo/woocommerce/archive-product.php(29): do_action('woocommerce_bef...')
#7 /opt/lampp/htdocs/decobelo/wp-includes/template-loader.php(106): include('/opt/lampp/htdo...')
#8 /opt/lampp/htdocs/decobelo/w w /opt/lampp/htdocs/decobelo/wp-content/themes/decobelo/functions.php w linii 17

2021-12-10T00:20:21+00:00 CRITICAL Uncaught Error: Call to undefined function get_template_uri() in /opt/lampp/htdocs/decobelo/wp-content/themes/decobelo/functions.php:17
Stack trace:
#0 /opt/lampp/htdocs/decobelo/wp-includes/class-wp-hook.php(303): jk_woocommerce_breadcrumbs(Array)
#1 /opt/lampp/htdocs/decobelo/wp-includes/plugin.php(189): WP_Hook->apply_filters(Array, Array)
#2 /opt/lampp/htdocs/decobelo/wp-content/plugins/woocommerce/includes/wc-template-functions.php(2275): apply_filters('woocommerce_bre...', Array)
#3 /opt/lampp/htdocs/decobelo/wp-includes/class-wp-hook.php(301): woocommerce_breadcrumb()
#4 /opt/lampp/htdocs/decobelo/wp-includes/class-wp-hook.php(327): WP_Hook->apply_filters(NULL, Array)
#5 /opt/lampp/htdocs/decobelo/wp-includes/plugin.php(470): WP_Hook->do_action(Array)
#6 /opt/lampp/htdocs/decobelo/wp-content/themes/decobelo/woocommerce/archive-product.php(29): do_action('woocommerce_bef...')
#7 /opt/lampp/htdocs/decobelo/wp-includes/template-loader.php(106): include('/opt/lampp/htdo...')
#8 /opt/lampp/htdocs/decobelo/w w /opt/lampp/htdocs/decobelo/wp-content/themes/decobelo/functions.php w linii 17

2021-12-10T11:40:29+00:00 CRITICAL Uncaught Error: Cannot use object of type WP_Taxonomy as array in /opt/lampp/htdocs/decobelo/wp-content/plugins/decobelo/products/products-list.php:91
Stack trace:
#0 /opt/lampp/htdocs/decobelo/wp-content/themes/decobelo/woocommerce/archive-product.php(67): get_current_filters('kolekcje', 'kolekcja-1')
#1 /opt/lampp/htdocs/decobelo/wp-includes/template-loader.php(106): include('/opt/lampp/htdo...')
#2 /opt/lampp/htdocs/decobelo/wp-blog-header.php(19): require_once('/opt/lampp/htdo...')
#3 /opt/lampp/htdocs/decobelo/index.php(17): require('/opt/lampp/htdo...')
#4 {main}
  thrown w /opt/lampp/htdocs/decobelo/wp-content/plugins/decobelo/products/products-list.php w linii 91

2021-12-10T12:54:50+00:00 CRITICAL Uncaught Error: Call to undefined function get_query_arg() in /opt/lampp/htdocs/decobelo/wp-content/plugins/decobelo/products/products-list.php:219
Stack trace:
#0 /opt/lampp/htdocs/decobelo/wp-content/themes/decobelo/woocommerce/archive-product.php(68): render_filters(Array)
#1 /opt/lampp/htdocs/decobelo/wp-content/plugins/woocommerce/includes/wc-core-functions.php(345): include('/opt/lampp/htdo...')
#2 /opt/lampp/htdocs/decobelo/wp-content/plugins/woocommerce/templates/taxonomy-product-cat.php(22): wc_get_template('archive-product...')
#3 /opt/lampp/htdocs/decobelo/wp-includes/template-loader.php(106): include('/opt/lampp/htdo...')
#4 /opt/lampp/htdocs/decobelo/wp-blog-header.php(19): require_once('/opt/lampp/htdo...')
#5 /opt/lampp/htdocs/decobelo/index.php(17): require('/opt/lampp/htdo...')
#6 {main}
  thrown w /opt/lampp/htdocs/decobelo/wp-content/plugins/decobelo/products/products-list.php w linii 219

2021-12-10T14:04:43+00:00 CRITICAL Uncaught Error: Call to undefined function is_empty() in /opt/lampp/htdocs/decobelo/wp-content/plugins/decobelo/products/products-list.php:276
Stack trace:
#0 /opt/lampp/htdocs/decobelo/wp-content/themes/decobelo/woocommerce/archive-product.php(68): render_filters(Array)
#1 /opt/lampp/htdocs/decobelo/wp-content/plugins/woocommerce/includes/wc-core-functions.php(345): include('/opt/lampp/htdo...')
#2 /opt/lampp/htdocs/decobelo/wp-content/plugins/woocommerce/templates/taxonomy-product-cat.php(22): wc_get_template('archive-product...')
#3 /opt/lampp/htdocs/decobelo/wp-includes/template-loader.php(106): include('/opt/lampp/htdo...')
#4 /opt/lampp/htdocs/decobelo/wp-blog-header.php(19): require_once('/opt/lampp/htdo...')
#5 /opt/lampp/htdocs/decobelo/index.php(17): require('/opt/lampp/htdo...')
#6 {main}
  thrown w /opt/lampp/htdocs/decobelo/wp-content/plugins/decobelo/products/products-list.php w linii 276

2021-12-10T21:21:46+00:00 CRITICAL Uncaught Error: Call to undefined function add_query_args() in /opt/lampp/htdocs/decobelo/wp-content/plugins/decobelo/products/products-list.php:189
Stack trace:
#0 /opt/lampp/htdocs/decobelo/wp-content/themes/decobelo/woocommerce/archive-product.php(68): render_filters(Array)
#1 /opt/lampp/htdocs/decobelo/wp-content/plugins/woocommerce/includes/wc-core-functions.php(345): include('/opt/lampp/htdo...')
#2 /opt/lampp/htdocs/decobelo/wp-content/plugins/woocommerce/templates/taxonomy-product-cat.php(22): wc_get_template('archive-product...')
#3 /opt/lampp/htdocs/decobelo/wp-includes/template-loader.php(106): include('/opt/lampp/htdo...')
#4 /opt/lampp/htdocs/decobelo/wp-blog-header.php(19): require_once('/opt/lampp/htdo...')
#5 /opt/lampp/htdocs/decobelo/index.php(17): require('/opt/lampp/htdo...')
#6 {main}
  thrown w /opt/lampp/htdocs/decobelo/wp-content/plugins/decobelo/products/products-list.php w linii 189

2021-12-10T21:32:37+00:00 CRITICAL Uncaught Error: Call to undefined function va_dump() in /opt/lampp/htdocs/decobelo/wp-content/plugins/decobelo/products/products-list.php:186
Stack trace:
#0 /opt/lampp/htdocs/decobelo/wp-content/themes/decobelo/woocommerce/archive-product.php(68): render_filters(Array)
#1 /opt/lampp/htdocs/decobelo/wp-includes/template-loader.php(106): include('/opt/lampp/htdo...')
#2 /opt/lampp/htdocs/decobelo/wp-blog-header.php(19): require_once('/opt/lampp/htdo...')
#3 /opt/lampp/htdocs/decobelo/index.php(17): require('/opt/lampp/htdo...')
#4 {main}
  thrown w /opt/lampp/htdocs/decobelo/wp-content/plugins/decobelo/products/products-list.php w linii 186

2021-12-10T21:53:14+00:00 CRITICAL Uncaught Error: Call to undefined function spintf() in /opt/lampp/htdocs/decobelo/wp-content/plugins/decobelo/products/products-list.php:273
Stack trace:
#0 /opt/lampp/htdocs/decobelo/wp-content/themes/decobelo/woocommerce/archive-product.php(68): render_filters(Array)
#1 /opt/lampp/htdocs/decobelo/wp-content/plugins/woocommerce/includes/wc-core-functions.php(345): include('/opt/lampp/htdo...')
#2 /opt/lampp/htdocs/decobelo/wp-content/plugins/woocommerce/templates/taxonomy-product-cat.php(22): wc_get_template('archive-product...')
#3 /opt/lampp/htdocs/decobelo/wp-includes/template-loader.php(106): include('/opt/lampp/htdo...')
#4 /opt/lampp/htdocs/decobelo/wp-blog-header.php(19): require_once('/opt/lampp/htdo...')
#5 /opt/lampp/htdocs/decobelo/index.php(17): require('/opt/lampp/htdo...')
#6 {main}
  thrown w /opt/lampp/htdocs/decobelo/wp-content/plugins/decobelo/products/products-list.php w linii 273

