2021-12-18T00:46:22+00:00 CRITICAL Uncaught Error: Call to a member function get_id() on null in /opt/lampp/htdocs/decobelo/wp-content/plugins/decobelo/single-product/single-product.php:47
Stack trace:
#0 /opt/lampp/htdocs/decobelo/wp-includes/class-wp-hook.php(303): display_collection('')
#1 /opt/lampp/htdocs/decobelo/wp-includes/class-wp-hook.php(327): WP_Hook->apply_filters(NULL, Array)
#2 /opt/lampp/htdocs/decobelo/wp-includes/plugin.php(470): WP_Hook->do_action(Array)
#3 /opt/lampp/htdocs/decobelo/wp-content/plugins/woocommerce/templates/content-single-product.php(60): do_action('woocommerce_sin...')
#4 /opt/lampp/htdocs/decobelo/wp-includes/template.php(772): require('/opt/lampp/htdo...')
#5 /opt/lampp/htdocs/decobelo/wp-content/plugins/woocommerce/includes/wc-core-functions.php(284): load_template('/opt/lampp/htdo...', false)
#6 /opt/lampp/htdocs/decobelo/wp-content/plugins/woocommerce/templates/single-product.php(37): wc_get_template_part('content', 'single-product')
#7 /opt/lampp/htdocs/decobelo/wp-includes/template-loader.php(106): i w /opt/lampp/htdocs/decobelo/wp-content/plugins/decobelo/single-product/single-product.php w linii 47

2021-12-18T13:02:32+00:00 CRITICAL Uncaught Error: Cannot use object of type WP_Taxonomy as array in /opt/lampp/htdocs/decobelo/wp-content/plugins/decobelo/single-product/single-product.php:108
Stack trace:
#0 /opt/lampp/htdocs/decobelo/wp-content/plugins/decobelo/single-product/single-product.php(80): product_attrs()
#1 /opt/lampp/htdocs/decobelo/wp-includes/class-wp-hook.php(303): custom_product_hook('')
#2 /opt/lampp/htdocs/decobelo/wp-includes/class-wp-hook.php(327): WP_Hook->apply_filters(NULL, Array)
#3 /opt/lampp/htdocs/decobelo/wp-includes/plugin.php(470): WP_Hook->do_action(Array)
#4 /opt/lampp/htdocs/decobelo/wp-content/plugins/woocommerce/templates/content-single-product.php(74): do_action('woocommerce_aft...')
#5 /opt/lampp/htdocs/decobelo/wp-includes/template.php(772): require('/opt/lampp/htdo...')
#6 /opt/lampp/htdocs/decobelo/wp-content/plugins/woocommerce/includes/wc-core-functions.php(284): load_template('/opt/lampp/htdo...', false)
#7 /opt/lampp/htdocs/decobelo/wp-content/plugins/woocommerce/templates/single-product.php(37):  w /opt/lampp/htdocs/decobelo/wp-content/plugins/decobelo/single-product/single-product.php w linii 108

2021-12-18T13:05:22+00:00 CRITICAL Uncaught Error: Call to undefined method WC_Product_Attribute::get_attributes() in /opt/lampp/htdocs/decobelo/wp-content/plugins/decobelo/single-product/single-product.php:110
Stack trace:
#0 /opt/lampp/htdocs/decobelo/wp-content/plugins/decobelo/single-product/single-product.php(80): product_attrs()
#1 /opt/lampp/htdocs/decobelo/wp-includes/class-wp-hook.php(303): custom_product_hook('')
#2 /opt/lampp/htdocs/decobelo/wp-includes/class-wp-hook.php(327): WP_Hook->apply_filters(NULL, Array)
#3 /opt/lampp/htdocs/decobelo/wp-includes/plugin.php(470): WP_Hook->do_action(Array)
#4 /opt/lampp/htdocs/decobelo/wp-content/plugins/woocommerce/templates/content-single-product.php(74): do_action('woocommerce_aft...')
#5 /opt/lampp/htdocs/decobelo/wp-includes/template.php(772): require('/opt/lampp/htdo...')
#6 /opt/lampp/htdocs/decobelo/wp-content/plugins/woocommerce/includes/wc-core-functions.php(284): load_template('/opt/lampp/htdo...', false)
#7 /opt/lampp/htdocs/decobelo/wp-content/plugins/woocommerce/templates/single- w /opt/lampp/htdocs/decobelo/wp-content/plugins/decobelo/single-product/single-product.php w linii 110

2021-12-18T13:08:50+00:00 CRITICAL Uncaught Error: Cannot use object of type WP_Term as array in /opt/lampp/htdocs/decobelo/wp-content/plugins/decobelo/single-product/single-product.php:115
Stack trace:
#0 /opt/lampp/htdocs/decobelo/wp-content/plugins/decobelo/single-product/single-product.php(80): product_attrs()
#1 /opt/lampp/htdocs/decobelo/wp-includes/class-wp-hook.php(303): custom_product_hook('')
#2 /opt/lampp/htdocs/decobelo/wp-includes/class-wp-hook.php(327): WP_Hook->apply_filters(NULL, Array)
#3 /opt/lampp/htdocs/decobelo/wp-includes/plugin.php(470): WP_Hook->do_action(Array)
#4 /opt/lampp/htdocs/decobelo/wp-content/plugins/woocommerce/templates/content-single-product.php(74): do_action('woocommerce_aft...')
#5 /opt/lampp/htdocs/decobelo/wp-includes/template.php(772): require('/opt/lampp/htdo...')
#6 /opt/lampp/htdocs/decobelo/wp-content/plugins/woocommerce/includes/wc-core-functions.php(284): load_template('/opt/lampp/htdo...', false)
#7 /opt/lampp/htdocs/decobelo/wp-content/plugins/woocommerce/templates/single-product.php(37): wc_g w /opt/lampp/htdocs/decobelo/wp-content/plugins/decobelo/single-product/single-product.php w linii 115

2021-12-18T22:52:25+00:00 CRITICAL syntax error, unexpected 'echo' (T_ECHO) w /opt/lampp/htdocs/decobelo/wp-content/themes/decobelo/header.php w linii 65

2021-12-18T22:54:02+00:00 CRITICAL syntax error, unexpected 'WC' (T_STRING), expecting ')' w /opt/lampp/htdocs/decobelo/wp-content/themes/decobelo/header.php w linii 68

2021-12-18T22:54:29+00:00 CRITICAL Uncaught Error: Call to undefined function <span class="list-count">%s</span>() in /opt/lampp/htdocs/decobelo/wp-content/themes/decobelo/header.php:67
Stack trace:
#0 /opt/lampp/htdocs/decobelo/wp-includes/template.php(770): require_once()
#1 /opt/lampp/htdocs/decobelo/wp-includes/template.php(716): load_template('/opt/lampp/htdo...', true, Array)
#2 /opt/lampp/htdocs/decobelo/wp-includes/general-template.php(48): locate_template(Array, true, true, Array)
#3 /opt/lampp/htdocs/decobelo/wp-content/plugins/woocommerce/templates/single-product.php(22): get_header('shop')
#4 /opt/lampp/htdocs/decobelo/wp-includes/template-loader.php(106): include('/opt/lampp/htdo...')
#5 /opt/lampp/htdocs/decobelo/wp-blog-header.php(19): require_once('/opt/lampp/htdo...')
#6 /opt/lampp/htdocs/decobelo/index.php(17): require('/opt/lampp/htdo...')
#7 {main}
  thrown w /opt/lampp/htdocs/decobelo/wp-content/themes/decobelo/header.php w linii 67

2021-12-18T22:54:42+00:00 CRITICAL syntax error, unexpected 'WC' (T_STRING), expecting ')' w /opt/lampp/htdocs/decobelo/wp-content/themes/decobelo/header.php w linii 68

2021-12-18T22:54:52+00:00 CRITICAL syntax error, unexpected ')', expecting ';' or ',' w /opt/lampp/htdocs/decobelo/wp-content/themes/decobelo/header.php w linii 69

