2021-12-05T00:22:42+00:00 CRITICAL Uncaught Error: [] operator not supported for strings in /opt/lampp/htdocs/decobelo/wp-content/plugins/decobelo/ajax/lista.php:37
Stack trace:
#0 /opt/lampp/htdocs/decobelo/wp-includes/class-wp-hook.php(303): session_list('')
#1 /opt/lampp/htdocs/decobelo/wp-includes/class-wp-hook.php(327): WP_Hook->apply_filters('', Array)
#2 /opt/lampp/htdocs/decobelo/wp-includes/plugin.php(470): WP_Hook->do_action(Array)
#3 /opt/lampp/htdocs/decobelo/wp-admin/admin-ajax.php(187): do_action('wp_ajax_list')
#4 {main}
  thrown w /opt/lampp/htdocs/decobelo/wp-content/plugins/decobelo/ajax/lista.php w linii 37

2021-12-05T00:22:58+00:00 CRITICAL Uncaught Error: [] operator not supported for strings in /opt/lampp/htdocs/decobelo/wp-content/plugins/decobelo/ajax/lista.php:37
Stack trace:
#0 /opt/lampp/htdocs/decobelo/wp-includes/class-wp-hook.php(303): session_list('')
#1 /opt/lampp/htdocs/decobelo/wp-includes/class-wp-hook.php(327): WP_Hook->apply_filters('', Array)
#2 /opt/lampp/htdocs/decobelo/wp-includes/plugin.php(470): WP_Hook->do_action(Array)
#3 /opt/lampp/htdocs/decobelo/wp-admin/admin-ajax.php(187): do_action('wp_ajax_list')
#4 {main}
  thrown w /opt/lampp/htdocs/decobelo/wp-content/plugins/decobelo/ajax/lista.php w linii 37

2021-12-05T00:23:32+00:00 CRITICAL Uncaught Error: [] operator not supported for strings in /opt/lampp/htdocs/decobelo/wp-content/plugins/decobelo/ajax/lista.php:37
Stack trace:
#0 /opt/lampp/htdocs/decobelo/wp-includes/class-wp-hook.php(303): session_list('')
#1 /opt/lampp/htdocs/decobelo/wp-includes/class-wp-hook.php(327): WP_Hook->apply_filters('', Array)
#2 /opt/lampp/htdocs/decobelo/wp-includes/plugin.php(470): WP_Hook->do_action(Array)
#3 /opt/lampp/htdocs/decobelo/wp-admin/admin-ajax.php(187): do_action('wp_ajax_list')
#4 {main}
  thrown w /opt/lampp/htdocs/decobelo/wp-content/plugins/decobelo/ajax/lista.php w linii 37

2021-12-05T00:24:43+00:00 CRITICAL Uncaught Error: [] operator not supported for strings in /opt/lampp/htdocs/decobelo/wp-content/plugins/decobelo/ajax/lista.php:37
Stack trace:
#0 /opt/lampp/htdocs/decobelo/wp-includes/class-wp-hook.php(303): session_list('')
#1 /opt/lampp/htdocs/decobelo/wp-includes/class-wp-hook.php(327): WP_Hook->apply_filters('', Array)
#2 /opt/lampp/htdocs/decobelo/wp-includes/plugin.php(470): WP_Hook->do_action(Array)
#3 /opt/lampp/htdocs/decobelo/wp-admin/admin-ajax.php(187): do_action('wp_ajax_list')
#4 {main}
  thrown w /opt/lampp/htdocs/decobelo/wp-content/plugins/decobelo/ajax/lista.php w linii 37

2021-12-05T00:24:52+00:00 CRITICAL Uncaught Error: [] operator not supported for strings in /opt/lampp/htdocs/decobelo/wp-content/plugins/decobelo/ajax/lista.php:37
Stack trace:
#0 /opt/lampp/htdocs/decobelo/wp-includes/class-wp-hook.php(303): session_list('')
#1 /opt/lampp/htdocs/decobelo/wp-includes/class-wp-hook.php(327): WP_Hook->apply_filters('', Array)
#2 /opt/lampp/htdocs/decobelo/wp-includes/plugin.php(470): WP_Hook->do_action(Array)
#3 /opt/lampp/htdocs/decobelo/wp-admin/admin-ajax.php(187): do_action('wp_ajax_list')
#4 {main}
  thrown w /opt/lampp/htdocs/decobelo/wp-content/plugins/decobelo/ajax/lista.php w linii 37

2021-12-05T00:26:09+00:00 CRITICAL Uncaught Error: [] operator not supported for strings in /opt/lampp/htdocs/decobelo/wp-content/plugins/decobelo/ajax/lista.php:37
Stack trace:
#0 /opt/lampp/htdocs/decobelo/wp-includes/class-wp-hook.php(303): session_list('')
#1 /opt/lampp/htdocs/decobelo/wp-includes/class-wp-hook.php(327): WP_Hook->apply_filters('', Array)
#2 /opt/lampp/htdocs/decobelo/wp-includes/plugin.php(470): WP_Hook->do_action(Array)
#3 /opt/lampp/htdocs/decobelo/wp-admin/admin-ajax.php(187): do_action('wp_ajax_list')
#4 {main}
  thrown w /opt/lampp/htdocs/decobelo/wp-content/plugins/decobelo/ajax/lista.php w linii 37

2021-12-05T00:26:25+00:00 CRITICAL Uncaught Error: [] operator not supported for strings in /opt/lampp/htdocs/decobelo/wp-content/plugins/decobelo/ajax/lista.php:37
Stack trace:
#0 /opt/lampp/htdocs/decobelo/wp-includes/class-wp-hook.php(303): session_list('')
#1 /opt/lampp/htdocs/decobelo/wp-includes/class-wp-hook.php(327): WP_Hook->apply_filters('', Array)
#2 /opt/lampp/htdocs/decobelo/wp-includes/plugin.php(470): WP_Hook->do_action(Array)
#3 /opt/lampp/htdocs/decobelo/wp-admin/admin-ajax.php(187): do_action('wp_ajax_list')
#4 {main}
  thrown w /opt/lampp/htdocs/decobelo/wp-content/plugins/decobelo/ajax/lista.php w linii 37

2021-12-05T00:27:16+00:00 CRITICAL Uncaught Error: [] operator not supported for strings in /opt/lampp/htdocs/decobelo/wp-content/plugins/decobelo/ajax/lista.php:37
Stack trace:
#0 /opt/lampp/htdocs/decobelo/wp-includes/class-wp-hook.php(303): session_list('')
#1 /opt/lampp/htdocs/decobelo/wp-includes/class-wp-hook.php(327): WP_Hook->apply_filters('', Array)
#2 /opt/lampp/htdocs/decobelo/wp-includes/plugin.php(470): WP_Hook->do_action(Array)
#3 /opt/lampp/htdocs/decobelo/wp-admin/admin-ajax.php(187): do_action('wp_ajax_list')
#4 {main}
  thrown w /opt/lampp/htdocs/decobelo/wp-content/plugins/decobelo/ajax/lista.php w linii 37

2021-12-05T00:28:37+00:00 CRITICAL Uncaught Error: [] operator not supported for strings in /opt/lampp/htdocs/decobelo/wp-content/plugins/decobelo/ajax/lista.php:37
Stack trace:
#0 /opt/lampp/htdocs/decobelo/wp-includes/class-wp-hook.php(303): session_list('')
#1 /opt/lampp/htdocs/decobelo/wp-includes/class-wp-hook.php(327): WP_Hook->apply_filters('', Array)
#2 /opt/lampp/htdocs/decobelo/wp-includes/plugin.php(470): WP_Hook->do_action(Array)
#3 /opt/lampp/htdocs/decobelo/wp-admin/admin-ajax.php(187): do_action('wp_ajax_list')
#4 {main}
  thrown w /opt/lampp/htdocs/decobelo/wp-content/plugins/decobelo/ajax/lista.php w linii 37

2021-12-05T00:29:04+00:00 CRITICAL Uncaught Error: [] operator not supported for strings in /opt/lampp/htdocs/decobelo/wp-content/plugins/decobelo/ajax/lista.php:37
Stack trace:
#0 /opt/lampp/htdocs/decobelo/wp-includes/class-wp-hook.php(303): session_list('')
#1 /opt/lampp/htdocs/decobelo/wp-includes/class-wp-hook.php(327): WP_Hook->apply_filters('', Array)
#2 /opt/lampp/htdocs/decobelo/wp-includes/plugin.php(470): WP_Hook->do_action(Array)
#3 /opt/lampp/htdocs/decobelo/wp-admin/admin-ajax.php(187): do_action('wp_ajax_list')
#4 {main}
  thrown w /opt/lampp/htdocs/decobelo/wp-content/plugins/decobelo/ajax/lista.php w linii 37

2021-12-05T00:30:41+00:00 CRITICAL Uncaught Error: [] operator not supported for strings in /opt/lampp/htdocs/decobelo/wp-content/plugins/decobelo/ajax/lista.php:37
Stack trace:
#0 /opt/lampp/htdocs/decobelo/wp-includes/class-wp-hook.php(303): session_list('')
#1 /opt/lampp/htdocs/decobelo/wp-includes/class-wp-hook.php(327): WP_Hook->apply_filters('', Array)
#2 /opt/lampp/htdocs/decobelo/wp-includes/plugin.php(470): WP_Hook->do_action(Array)
#3 /opt/lampp/htdocs/decobelo/wp-admin/admin-ajax.php(187): do_action('wp_ajax_list')
#4 {main}
  thrown w /opt/lampp/htdocs/decobelo/wp-content/plugins/decobelo/ajax/lista.php w linii 37

2021-12-05T00:31:20+00:00 CRITICAL Uncaught Error: [] operator not supported for strings in /opt/lampp/htdocs/decobelo/wp-content/plugins/decobelo/ajax/lista.php:37
Stack trace:
#0 /opt/lampp/htdocs/decobelo/wp-includes/class-wp-hook.php(303): session_list('')
#1 /opt/lampp/htdocs/decobelo/wp-includes/class-wp-hook.php(327): WP_Hook->apply_filters('', Array)
#2 /opt/lampp/htdocs/decobelo/wp-includes/plugin.php(470): WP_Hook->do_action(Array)
#3 /opt/lampp/htdocs/decobelo/wp-admin/admin-ajax.php(187): do_action('wp_ajax_list')
#4 {main}
  thrown w /opt/lampp/htdocs/decobelo/wp-content/plugins/decobelo/ajax/lista.php w linii 37

2021-12-05T00:31:25+00:00 CRITICAL Uncaught Error: [] operator not supported for strings in /opt/lampp/htdocs/decobelo/wp-content/plugins/decobelo/ajax/lista.php:37
Stack trace:
#0 /opt/lampp/htdocs/decobelo/wp-includes/class-wp-hook.php(303): session_list('')
#1 /opt/lampp/htdocs/decobelo/wp-includes/class-wp-hook.php(327): WP_Hook->apply_filters('', Array)
#2 /opt/lampp/htdocs/decobelo/wp-includes/plugin.php(470): WP_Hook->do_action(Array)
#3 /opt/lampp/htdocs/decobelo/wp-admin/admin-ajax.php(187): do_action('wp_ajax_list')
#4 {main}
  thrown w /opt/lampp/htdocs/decobelo/wp-content/plugins/decobelo/ajax/lista.php w linii 37

2021-12-05T00:31:44+00:00 CRITICAL Uncaught Error: [] operator not supported for strings in /opt/lampp/htdocs/decobelo/wp-content/plugins/decobelo/ajax/lista.php:37
Stack trace:
#0 /opt/lampp/htdocs/decobelo/wp-includes/class-wp-hook.php(303): session_list('')
#1 /opt/lampp/htdocs/decobelo/wp-includes/class-wp-hook.php(327): WP_Hook->apply_filters('', Array)
#2 /opt/lampp/htdocs/decobelo/wp-includes/plugin.php(470): WP_Hook->do_action(Array)
#3 /opt/lampp/htdocs/decobelo/wp-admin/admin-ajax.php(187): do_action('wp_ajax_list')
#4 {main}
  thrown w /opt/lampp/htdocs/decobelo/wp-content/plugins/decobelo/ajax/lista.php w linii 37

2021-12-05T00:32:40+00:00 CRITICAL Uncaught Error: [] operator not supported for strings in /opt/lampp/htdocs/decobelo/wp-content/plugins/decobelo/ajax/lista.php:37
Stack trace:
#0 /opt/lampp/htdocs/decobelo/wp-includes/class-wp-hook.php(303): session_list('')
#1 /opt/lampp/htdocs/decobelo/wp-includes/class-wp-hook.php(327): WP_Hook->apply_filters('', Array)
#2 /opt/lampp/htdocs/decobelo/wp-includes/plugin.php(470): WP_Hook->do_action(Array)
#3 /opt/lampp/htdocs/decobelo/wp-admin/admin-ajax.php(187): do_action('wp_ajax_list')
#4 {main}
  thrown w /opt/lampp/htdocs/decobelo/wp-content/plugins/decobelo/ajax/lista.php w linii 37

2021-12-05T00:32:45+00:00 CRITICAL Uncaught Error: [] operator not supported for strings in /opt/lampp/htdocs/decobelo/wp-content/plugins/decobelo/ajax/lista.php:37
Stack trace:
#0 /opt/lampp/htdocs/decobelo/wp-includes/class-wp-hook.php(303): session_list('')
#1 /opt/lampp/htdocs/decobelo/wp-includes/class-wp-hook.php(327): WP_Hook->apply_filters('', Array)
#2 /opt/lampp/htdocs/decobelo/wp-includes/plugin.php(470): WP_Hook->do_action(Array)
#3 /opt/lampp/htdocs/decobelo/wp-admin/admin-ajax.php(187): do_action('wp_ajax_list')
#4 {main}
  thrown w /opt/lampp/htdocs/decobelo/wp-content/plugins/decobelo/ajax/lista.php w linii 37

2021-12-05T00:33:09+00:00 CRITICAL Uncaught Error: [] operator not supported for strings in /opt/lampp/htdocs/decobelo/wp-content/plugins/decobelo/ajax/lista.php:37
Stack trace:
#0 /opt/lampp/htdocs/decobelo/wp-includes/class-wp-hook.php(303): session_list('')
#1 /opt/lampp/htdocs/decobelo/wp-includes/class-wp-hook.php(327): WP_Hook->apply_filters('', Array)
#2 /opt/lampp/htdocs/decobelo/wp-includes/plugin.php(470): WP_Hook->do_action(Array)
#3 /opt/lampp/htdocs/decobelo/wp-admin/admin-ajax.php(187): do_action('wp_ajax_list')
#4 {main}
  thrown w /opt/lampp/htdocs/decobelo/wp-content/plugins/decobelo/ajax/lista.php w linii 37

2021-12-05T00:33:11+00:00 CRITICAL Uncaught Error: [] operator not supported for strings in /opt/lampp/htdocs/decobelo/wp-content/plugins/decobelo/ajax/lista.php:37
Stack trace:
#0 /opt/lampp/htdocs/decobelo/wp-includes/class-wp-hook.php(303): session_list('')
#1 /opt/lampp/htdocs/decobelo/wp-includes/class-wp-hook.php(327): WP_Hook->apply_filters('', Array)
#2 /opt/lampp/htdocs/decobelo/wp-includes/plugin.php(470): WP_Hook->do_action(Array)
#3 /opt/lampp/htdocs/decobelo/wp-admin/admin-ajax.php(187): do_action('wp_ajax_list')
#4 {main}
  thrown w /opt/lampp/htdocs/decobelo/wp-content/plugins/decobelo/ajax/lista.php w linii 37

2021-12-05T00:33:31+00:00 CRITICAL Uncaught Error: [] operator not supported for strings in /opt/lampp/htdocs/decobelo/wp-content/plugins/decobelo/ajax/lista.php:37
Stack trace:
#0 /opt/lampp/htdocs/decobelo/wp-includes/class-wp-hook.php(303): session_list('')
#1 /opt/lampp/htdocs/decobelo/wp-includes/class-wp-hook.php(327): WP_Hook->apply_filters('', Array)
#2 /opt/lampp/htdocs/decobelo/wp-includes/plugin.php(470): WP_Hook->do_action(Array)
#3 /opt/lampp/htdocs/decobelo/wp-admin/admin-ajax.php(187): do_action('wp_ajax_list')
#4 {main}
  thrown w /opt/lampp/htdocs/decobelo/wp-content/plugins/decobelo/ajax/lista.php w linii 37

2021-12-05T00:35:00+00:00 CRITICAL Uncaught Error: [] operator not supported for strings in /opt/lampp/htdocs/decobelo/wp-content/plugins/decobelo/ajax/lista.php:37
Stack trace:
#0 /opt/lampp/htdocs/decobelo/wp-includes/class-wp-hook.php(303): session_list('')
#1 /opt/lampp/htdocs/decobelo/wp-includes/class-wp-hook.php(327): WP_Hook->apply_filters('', Array)
#2 /opt/lampp/htdocs/decobelo/wp-includes/plugin.php(470): WP_Hook->do_action(Array)
#3 /opt/lampp/htdocs/decobelo/wp-admin/admin-ajax.php(187): do_action('wp_ajax_list')
#4 {main}
  thrown w /opt/lampp/htdocs/decobelo/wp-content/plugins/decobelo/ajax/lista.php w linii 37

