2021-12-16T22:32:34+00:00 CRITICAL syntax error, unexpected '}' w /opt/lampp/htdocs/decobelo/wp-content/themes/decobelo/functions.php w linii 17

2021-12-16T22:33:05+00:00 CRITICAL Uncaught Error: Function name must be a string in /opt/lampp/htdocs/decobelo/wp-content/themes/decobelo/functions.php:11
Stack trace:
#0 /opt/lampp/htdocs/decobelo/wp-content/themes/decobelo/header.php(49): custom_menu()
#1 /opt/lampp/htdocs/decobelo/wp-includes/template.php(770): require_once('/opt/lampp/htdo...')
#2 /opt/lampp/htdocs/decobelo/wp-includes/template.php(716): load_template('/opt/lampp/htdo...', true, Array)
#3 /opt/lampp/htdocs/decobelo/wp-includes/general-template.php(48): locate_template(Array, true, true, Array)
#4 /opt/lampp/htdocs/decobelo/wp-content/themes/decobelo/db_startpage.php(8): get_header()
#5 /opt/lampp/htdocs/decobelo/wp-includes/template-loader.php(106): include('/opt/lampp/htdo...')
#6 /opt/lampp/htdocs/decobelo/wp-blog-header.php(19): require_once('/opt/lampp/htdo...')
#7 /opt/lampp/htdocs/decobelo/index.php(17): require('/opt/lampp/htdo...')
#8 {main}
  thrown w /opt/lampp/htdocs/decobelo/wp-content/themes/decobelo/functions.php w linii 11

2021-12-16T22:48:39+00:00 CRITICAL syntax error, unexpected '}' w /opt/lampp/htdocs/decobelo/wp-content/themes/decobelo/functions.php w linii 29

2021-12-16T22:48:47+00:00 CRITICAL syntax error, unexpected 'echo' (T_ECHO) w /opt/lampp/htdocs/decobelo/wp-content/themes/decobelo/functions.php w linii 40

2021-12-16T22:48:54+00:00 CRITICAL syntax error, unexpected ')' w /opt/lampp/htdocs/decobelo/wp-content/themes/decobelo/functions.php w linii 50

2021-12-16T22:56:34+00:00 CRITICAL syntax error, unexpected 'if' (T_IF), expecting ')' w /opt/lampp/htdocs/decobelo/wp-content/themes/decobelo/functions.php w linii 46

2021-12-16T22:57:41+00:00 CRITICAL syntax error, unexpected '}', expecting ';' or ',' w /opt/lampp/htdocs/decobelo/wp-content/themes/decobelo/functions.php w linii 62

2021-12-16T22:57:48+00:00 CRITICAL syntax error, unexpected ')' w /opt/lampp/htdocs/decobelo/wp-content/themes/decobelo/functions.php w linii 66

2021-12-16T23:24:23+00:00 CRITICAL syntax error, unexpected 'echo' (T_ECHO) w /opt/lampp/htdocs/decobelo/wp-content/themes/decobelo/functions.php w linii 52

2021-12-16T23:24:34+00:00 CRITICAL syntax error, unexpected 'echo' (T_ECHO) w /opt/lampp/htdocs/decobelo/wp-content/themes/decobelo/functions.php w linii 52

